    1  su -
    2  exit
    3  cd /opt/ibm
    4  ls
    5  cd InfoSphere_Streams/
    6  ls
    7  cd var
    8  ls
    9  cd embeddedzk/
   10  ls
   11  cd ..
   12  ls
   13  cd ..
   14  ls
   15  streamtool
   16  cd 
   17  cd .streams/
   18  ls
   19  ls -la
   20  cd var/
   21  ls
   22  cd ..
   23  ls
   24  grep -R streams.zookeeper.quorum
   25  grep -R streams.zookeeper.quorum *
   26  cd /opt/ibm/InfoSphere_Streams/4.0.0.0/bin/
   27  ls
   28  more clearstreamtoolcache 
   29  ls
   30  clear
   31  cd /opt/ibm
   32  ls
   33  su --max-depth=1 
   34  su --max-depth=1 .
   35  du --max-depth=1 .
   36  cd InfoSphere_Streams/4.0.0.0/
   37  du --max-depth=1 .
   38  ls
   39  find . -name StreamsStudio.tar.gz
   40  ls
   41  cd toolkits/
   42  ls
   43  cd ..
   44  du --max-depth=1 .
   45  cd toolkits/
   46  du --max-depth=1 .
   47  cd ..
   48  ls
   49  cd install
   50  ls
   51  ll
   52  cd tar
   53  ls
   54  ll
   55  tar -tzvf streamsdevel.tgz | more
   56  tar -tzvf streamsdevel2.tgz | more
   57  cd
   58  ls
   59  mkdir spl
   60  ls
   61  cd spl
   62  ls
   63  mkdir SubmissionTupleBug
   64  cd SubmissionTupleBug/
   65  ls
   66  gedit SubmissionTupleBug.spl &
   67  sc -M SubmissionTupleBug
   68  streamtool submitjob output/SubmissionTupleBug.sab -P propertyTuples='[{fname="John",lname="Doe"},{fname="Jane",lname="Smith"}]'
   69  streamtool submitjob output/SubmissionTupleBug.sab -P propertyTuples='[{fname="John",lname="Doe"},{fname="Jane",lname="Smith"}]' --trace
   70  streamtool submitjob output/SubmissionTupleBug.sab -P propertyTuples='[{fname="John",lname="Doe"},{fname="Jane",lname="Smith"}]' --trace 1
   71  streamtool submitjob output/SubmissionTupleBug.sab -P propertyTuples='[{fname="John",lname="Doe"},{fname="Jane",lname="Smith"}]' --trace trace
   72  streamtool submitjob output/SubmissionTupleBug.sab -P propertyTuples='[{fname="John",lname="Doe"},{fname="Jane",lname="Smith"}]'
   73  streamtool submitjob output/SubmissionTupleBug.sab -P propertyTuples='[{fname="John",lname="Doe"},{fname="Jane",lname="Smith"}]' --trace info
   74  streamtool submitjob output/SubmissionTupleBug.sab -P propertyTuples='[{fname="John",lname="Doe"},{fname="Jane",lname="Smith"}]' --trace debug
   75  streamtool submitjob output/SubmissionTupleBug.sab -P propertyTuples='[{fname="John",lname="Doe"},{fname="Jane",lname="Smith"}]' --trace trace > submitTrace.out
   76  ls
   77  more submitTrace.out 
   78  streamtool submitjob output/SubmissionTupleBug.sab -P propertyTuples='[{fname="John",lname="Doe"},{fname="Jane",lname="Smith"}]'
   79  ls
   80  clear
   81  ls
   82  more SubmissionTupleBug.spl
   83  ls
   84  history
   85  cat history >> history.out
   86  histroy > history.out
   87  history > history.out
